<?xml version="1.0" encoding="UTF-8"?>
<!-- Generated by org.testng.reporters.JUnitReportReporter -->
<testsuite hostname="DESKTOP-1M2NCUN" failures="0" tests="1" name="test.AddCustomerTest" time="22.174" errors="0" timestamp="29 Jun 2021 00:31:24 GMT" skipped="0">
  <testcase classname="test.AddCustomerTest" name="validUserShouldBeAbleToCreateCustomer" time="22.174"/>
</testsuite> <!-- test.AddCustomerTest -->
