<?xml version="1.0" encoding="UTF-8"?>
<!-- Generated by org.testng.reporters.JUnitReportReporter -->
<testsuite skipped="0" hostname="DESKTOP-N308L1J" name="test.AddCustomerTest" tests="1" failures="0" timestamp="23 May 2021 18:30:27 GMT" time="28.743" errors="0">
  <testcase name="validUserShouldBeAbleToCreateCustomer" time="28.743" classname="test.AddCustomerTest"/>
</testsuite> <!-- test.AddCustomerTest -->
