<?xml version="1.0" encoding="UTF-8"?>
<!-- Generated by org.testng.reporters.JUnitReportReporter -->
<testsuite skipped="0" hostname="DESKTOP-N308L1J" name="test.LoginTest" tests="1" failures="0" timestamp="23 May 2021 16:14:56 GMT" time="9.973" errors="0">
  <testcase name="validUserShouldBeAbleToLogin" time="9.973" classname="test.LoginTest"/>
</testsuite> <!-- test.LoginTest -->
